yarn run v1.22.5
$ webpack serve --mode development --port 3000
[34mℹ[39m [90m｢wds｣[39m: Project is running at http://localhost:3000/
[34mℹ[39m [90m｢wds｣[39m: webpack output is served from undefined
[34mℹ[39m [90m｢wds｣[39m: Content not from webpack is served from /home/befuhro/Desktop/matcha/web_app
[34mℹ[39m [90m｢wds｣[39m: 404s will fallback to /index.html
ℹ ｢atl｣: Using typescript@4.1.3 from typescript
ℹ ｢atl｣: Using tsconfig.json from /home/befuhro/Desktop/matcha/web_app/tsconfig.json
ℹ ｢atl｣: Checking started in a separate process...
ℹ ｢atl｣: Time: 5105ms
[34mℹ[39m [90m｢wdm｣[39m: asset [1m[32mjs/app.bundle.js[39m[22m 2.59 MiB [1m[32m[emitted][39m[22m (name: app) 1 related asset
asset [1m[32mjs/vendor.bundle.js[39m[22m 1.29 MiB [1m[32m[emitted][39m[22m (name: vendor) 1 related asset
asset [1m[32m./index.html[39m[22m 363 bytes [1m[32m[emitted][39m[22m
orphan modules 42.4 KiB [1m[33m[orphan][39m[22m 58 modules
runtime modules 1.67 KiB 9 modules
modules by path [1m./node_modules/[39m[22m 2.11 MiB 252 modules
modules by path [1m./src/[39m[22m 64.6 KiB
  modules by path [1m./src/assets/scss/[39m[22m 6.64 KiB 8 modules
  modules by path [1m./src/components/[39m[22m 22.1 KiB
    modules by path [1m./src/components/elements/*.tsx[39m[22m 12.9 KiB 4 modules
    modules by path [1m./src/components/layout/*.tsx[39m[22m 9.25 KiB 3 modules
  modules by path [1m./src/views/*.tsx[39m[22m 17 KiB 5 modules
  modules by path [1m./src/*.scss[39m[22m 2.16 KiB
    [1m./src/App.scss[39m[22m 365 bytes [1m[33m[built][39m[22m [1m[33m[code generated][39m[22m
    ./node_modules/css-loader/dist/cjs.js!./node_modules/sass-loader/dist/cjs.js![1m./src/App.scss[39m[22m 1.8 KiB [1m[33m[built][39m[22m [1m[33m[code generated][39m[22m
  modules by path [1m./src/layouts/*.tsx[39m[22m 3.21 KiB
    [1m./src/layouts/LayoutDefault.tsx[39m[22m 1.94 KiB [1m[33m[built][39m[22m [1m[33m[code generated][39m[22m
    [1m./src/layouts/LoggedOutLayout.tsx[39m[22m 1.28 KiB [1m[33m[built][39m[22m [1m[33m[code generated][39m[22m
webpack 5.11.0 compiled [1m[32msuccessfully[39m[22m in 19164 ms
[34mℹ[39m [90m｢wdm｣[39m: Compiled successfully.
